<?xml version="1.0" encoding="UTF-8"?>
<!-- Generated by org.testng.reporters.JUnitReportReporter -->
<testsuite hostname="Ideas2IT" failures="0" tests="1" name="tests.rest.TC004_GetIncidents" time="3.689" errors="0" timestamp="2024-11-22T14:22:23 IST" skipped="0">
  <testcase classname="tests.rest.TC004_GetIncidents" name="getIncidents" time="3.689"/>
  <system-out/>
</testsuite> <!-- tests.rest.TC004_GetIncidents -->
